# JRE version: Java(TM) SE Runtime Environment (8.0_261-b12) (build 1.8.0_261-b12)
# Java VM: Java HotSpot(TM) 64-Bit Server VM (25.261-b12 mixed mode windows-amd64 compressed oops)
Heap:
 PSYoungGen      total 25600K, used 812K [0x00000000eb380000, 0x00000000ed280000, 0x0000000100000000)
  eden space 25088K, 3% used [0x00000000eb380000,0x00000000eb44b318,0x00000000ecc00000)
  from space 512K, 0% used [0x00000000ed200000,0x00000000ed200000,0x00000000ed280000)
  to   space 2560K, 0% used [0x00000000ecd80000,0x00000000ecd80000,0x00000000ed000000)
 ParOldGen       total 80896K, used 49487K [0x00000000c1a00000, 0x00000000c6900000, 0x00000000eb380000)
  object space 80896K, 61% used [0x00000000c1a00000,0x00000000c4a53d00,0x00000000c6900000)
 Metaspace       used 9624K, capacity 9831K, committed 9984K, reserved 1058816K
  class space    used 883K, capacity 972K, committed 1024K, reserved 1048576K
GC Heap History (10 events):
Event: 19.524 GC heap before
{Heap before GC invocations=7 (full 2):
 PSYoungGen      total 27648K, used 2416K [0x00000000eb380000, 0x00000000ed680000, 0x0000000100000000)
  eden space 25088K, 0% used [0x00000000eb380000,0x00000000eb380000,0x00000000ecc00000)
  from space 2560K, 94% used [0x00000000ed380000,0x00000000ed5dc0b0,0x00000000ed600000)
  to   space 512K, 0% used [0x00000000ed600000,0x00000000ed600000,0x00000000ed680000)
 ParOldGen       total 80896K, used 47351K [0x00000000c1a00000, 0x00000000c6900000, 0x00000000eb380000)
  object space 80896K, 58% used [0x00000000c1a00000,0x00000000c483dee8,0x00000000c6900000)
 Metaspace       used 9623K, capacity 9831K, committed 9984K, reserved 1058816K
  class space    used 883K, capacity 972K, committed 1024K, reserved 1048576K
Event: 20.518 GC heap after
Heap after GC invocations=7 (full 2):
 PSYoungGen      total 27648K, used 0K [0x00000000eb380000, 0x00000000ed680000, 0x0000000100000000)
  eden space 25088K, 0% used [0x00000000eb380000,0x00000000eb380000,0x00000000ecc00000)
  from space 2560K, 0% used [0x00000000ed380000,0x00000000ed380000,0x00000000ed600000)
  to   space 512K, 0% used [0x00000000ed600000,0x00000000ed600000,0x00000000ed680000)
 ParOldGen       total 80896K, used 49487K [0x00000000c1a00000, 0x00000000c6900000, 0x00000000eb380000)
  object space 80896K, 61% used [0x00000000c1a00000,0x00000000c4a53c18,0x00000000c6900000)
 Metaspace       used 9623K, capacity 9831K, committed 9984K, reserved 1058816K
  class space    used 883K, capacity 972K, committed 1024K, reserved 1048576K
}
Event: 23.207 GC heap before
{Heap before GC invocations=8 (full 2):
 PSYoungGen      total 27648K, used 1833K [0x00000000eb380000, 0x00000000ed680000, 0x0000000100000000)
  eden space 25088K, 7% used [0x00000000eb380000,0x00000000eb54a560,0x00000000ecc00000)
  from space 2560K, 0% used [0x00000000ed380000,0x00000000ed380000,0x00000000ed600000)
  to   space 512K, 0% used [0x00000000ed600000,0x00000000ed600000,0x00000000ed680000)
 ParOldGen       total 80896K, used 49487K [0x00000000c1a00000, 0x00000000c6900000, 0x00000000eb380000)
  object space 80896K, 61% used [0x00000000c1a00000,0x00000000c4a53c18,0x00000000c6900000)
 Metaspace       used 9623K, capacity 9831K, committed 9984K, reserved 1058816K
  class space    used 883K, capacity 972K, committed 1024K, reserved 1048576K
Event: 23.217 GC heap after
Heap after GC invocations=8 (full 2):
 PSYoungGen      total 25600K, used 512K [0x00000000eb380000, 0x00000000ed680000, 0x0000000100000000)
  eden space 25088K, 0% used [0x00000000eb380000,0x00000000eb380000,0x00000000ecc00000)
  from space 512K, 100% used [0x00000000ed600000,0x00000000ed680000,0x00000000ed680000)
  to   space 2560K, 0% used [0x00000000ed180000,0x00000000ed180000,0x00000000ed400000)
 ParOldGen       total 80896K, used 49487K [0x00000000c1a00000, 0x00000000c6900000, 0x00000000eb380000)
  object space 80896K, 61% used [0x00000000c1a00000,0x00000000c4a53c18,0x00000000c6900000)
 Metaspace       used 9623K, capacity 9831K, committed 9984K, reserved 1058816K
  class space    used 883K, capacity 972K, committed 1024K, reserved 1048576K
}
Event: 23.217 GC heap before
{Heap before GC invocations=9 (full 3):
 PSYoungGen      total 25600K, used 512K [0x00000000eb380000, 0x00000000ed680000, 0x0000000100000000)
  eden space 25088K, 0% used [0x00000000eb380000,0x00000000eb380000,0x00000000ecc00000)
  from space 512K, 100% used [0x00000000ed600000,0x00000000ed680000,0x00000000ed680000)
  to   space 2560K, 0% used [0x00000000ed180000,0x00000000ed180000,0x00000000ed400000)
 ParOldGen       total 80896K, used 49487K [0x00000000c1a00000, 0x00000000c6900000, 0x00000000eb380000)
  object space 80896K, 61% used [0x00000000c1a00000,0x00000000c4a53c18,0x00000000c6900000)
 Metaspace       used 9623K, capacity 9831K, committed 9984K, reserved 1058816K
  class space    used 883K, capacity 972K, committed 1024K, reserved 1048576K
Event: 23.361 GC heap after
Heap after GC invocations=9 (full 3):
 PSYoungGen      total 25600K, used 0K [0x00000000eb380000, 0x00000000ed680000, 0x0000000100000000)
  eden space 25088K, 0% used [0x00000000eb380000,0x00000000eb380000,0x00000000ecc00000)
  from space 512K, 0% used [0x00000000ed600000,0x00000000ed600000,0x00000000ed680000)
  to   space 2560K, 0% used [0x00000000ed180000,0x00000000ed180000,0x00000000ed400000)
 ParOldGen       total 80896K, used 49487K [0x00000000c1a00000, 0x00000000c6900000, 0x00000000eb380000)
  object space 80896K, 61% used [0x00000000c1a00000,0x00000000c4a53d00,0x00000000c6900000)
 Metaspace       used 9623K, capacity 9831K, committed 9984K, reserved 1058816K
  class space    used 883K, capacity 972K, committed 1024K, reserved 1048576K
}
Event: 25.996 GC heap before
{Heap before GC invocations=10 (full 3):
 PSYoungGen      total 25600K, used 1833K [0x00000000eb380000, 0x00000000ed680000, 0x0000000100000000)
  eden space 25088K, 7% used [0x00000000eb380000,0x00000000eb54a510,0x00000000ecc00000)
  from space 512K, 0% used [0x00000000ed600000,0x00000000ed600000,0x00000000ed680000)
  to   space 2560K, 0% used [0x00000000ed180000,0x00000000ed180000,0x00000000ed400000)
 ParOldGen       total 80896K, used 49487K [0x00000000c1a00000, 0x00000000c6900000, 0x00000000eb380000)
  object space 80896K, 61% used [0x00000000c1a00000,0x00000000c4a53d00,0x00000000c6900000)
 Metaspace       used 9623K, capacity 9831K, committed 9984K, reserved 1058816K
  class space    used 883K, capacity 972K, committed 1024K, reserved 1048576K
Event: 26.001 GC heap after
Heap after GC invocations=10 (full 3):
 PSYoungGen      total 27648K, used 512K [0x00000000eb380000, 0x00000000ed680000, 0x0000000100000000)
  eden space 25088K, 0% used [0x00000000eb380000,0x00000000eb380000,0x00000000ecc00000)
  from space 2560K, 20% used [0x00000000ed180000,0x00000000ed200000,0x00000000ed400000)
  to   space 2560K, 0% used [0x00000000ed400000,0x00000000ed400000,0x00000000ed680000)
 ParOldGen       total 80896K, used 49487K [0x00000000c1a00000, 0x00000000c6900000, 0x00000000eb380000)
  object space 80896K, 61% used [0x00000000c1a00000,0x00000000c4a53d00,0x00000000c6900000)
 Metaspace       used 9623K, capacity 9831K, committed 9984K, reserved 1058816K
  class space    used 883K, capacity 972K, committed 1024K, reserved 1048576K
}
Event: 26.001 GC heap before
{Heap before GC invocations=11 (full 4):
 PSYoungGen      total 27648K, used 512K [0x00000000eb380000, 0x00000000ed680000, 0x0000000100000000)
  eden space 25088K, 0% used [0x00000000eb380000,0x00000000eb380000,0x00000000ecc00000)
  from space 2560K, 20% used [0x00000000ed180000,0x00000000ed200000,0x00000000ed400000)
  to   space 2560K, 0% used [0x00000000ed400000,0x00000000ed400000,0x00000000ed680000)
 ParOldGen       total 80896K, used 49487K [0x00000000c1a00000, 0x00000000c6900000, 0x00000000eb380000)
  object space 80896K, 61% used [0x00000000c1a00000,0x00000000c4a53d00,0x00000000c6900000)
 Metaspace       used 9623K, capacity 9831K, committed 9984K, reserved 1058816K
  class space    used 883K, capacity 972K, committed 1024K, reserved 1048576K
Event: 26.109 GC heap after
Heap after GC invocations=11 (full 4):
 PSYoungGen      total 27648K, used 0K [0x00000000eb380000, 0x00000000ed680000, 0x0000000100000000)
  eden space 25088K, 0% used [0x00000000eb380000,0x00000000eb380000,0x00000000ecc00000)
  from space 2560K, 0% used [0x00000000ed180000,0x00000000ed180000,0x00000000ed400000)
  to   space 2560K, 0% used [0x00000000ed400000,0x00000000ed400000,0x00000000ed680000)
 ParOldGen       total 80896K, used 49487K [0x00000000c1a00000, 0x00000000c6900000, 0x00000000eb380000)
  object space 80896K, 61% used [0x00000000c1a00000,0x00000000c4a53d00,0x00000000c6900000)
 Metaspace       used 9623K, capacity 9831K, committed 9984K, reserved 1058816K
  class space    used 883K, capacity 972K, committed 1024K, reserved 1048576K
}

