# JRE version: Java(TM) SE Runtime Environment (8.0_281-b09) (build 1.8.0_281-b09)
# Java VM: Java HotSpot(TM) 64-Bit Server VM (25.281-b09 mixed mode windows-amd64 compressed oops)
Heap:
 PSYoungGen      total 37376K, used 21554K [0x00000000eb380000, 0x00000000efd80000, 0x0000000100000000)
  eden space 32768K, 61% used [0x00000000eb380000,0x00000000ec74cb68,0x00000000ed380000)
  from space 4608K, 27% used [0x00000000ed380000,0x00000000ed4c0000,0x00000000ed800000)
  to   space 5120K, 0% used [0x00000000ef880000,0x00000000ef880000,0x00000000efd80000)
 ParOldGen       total 44032K, used 4929K [0x00000000c1a00000, 0x00000000c4500000, 0x00000000eb380000)
  object space 44032K, 11% used [0x00000000c1a00000,0x00000000c1ed05c8,0x00000000c4500000)
 Metaspace       used 10103K, capacity 10403K, committed 10496K, reserved 1058816K
  class space    used 878K, capacity 972K, committed 1024K, reserved 1048576K
GC Heap History (10 events):
Event: 4.127 GC heap before
{Heap before GC invocations=3 (full 0):
 PSYoungGen      total 18944K, used 18942K [0x00000000eb380000, 0x00000000ec880000, 0x0000000100000000)
  eden space 16384K, 100% used [0x00000000eb380000,0x00000000ec380000,0x00000000ec380000)
  from space 2560K, 99% used [0x00000000ec600000,0x00000000ec87f8a0,0x00000000ec880000)
  to   space 2560K, 0% used [0x00000000ec380000,0x00000000ec380000,0x00000000ec600000)
 ParOldGen       total 44032K, used 1824K [0x00000000c1a00000, 0x00000000c4500000, 0x00000000eb380000)
  object space 44032K, 4% used [0x00000000c1a00000,0x00000000c1bc8148,0x00000000c4500000)
 Metaspace       used 10051K, capacity 10339K, committed 10496K, reserved 1058816K
  class space    used 873K, capacity 972K, committed 1024K, reserved 1048576K
Event: 4.141 GC heap after
Heap after GC invocations=3 (full 0):
 PSYoungGen      total 18944K, used 2543K [0x00000000eb380000, 0x00000000ec880000, 0x0000000100000000)
  eden space 16384K, 0% used [0x00000000eb380000,0x00000000eb380000,0x00000000ec380000)
  from space 2560K, 99% used [0x00000000ec380000,0x00000000ec5fbf70,0x00000000ec600000)
  to   space 2560K, 0% used [0x00000000ec600000,0x00000000ec600000,0x00000000ec880000)
 ParOldGen       total 44032K, used 3396K [0x00000000c1a00000, 0x00000000c4500000, 0x00000000eb380000)
  object space 44032K, 7% used [0x00000000c1a00000,0x00000000c1d513a8,0x00000000c4500000)
 Metaspace       used 10051K, capacity 10339K, committed 10496K, reserved 1058816K
  class space    used 873K, capacity 972K, committed 1024K, reserved 1048576K
}
Event: 4.421 GC heap before
{Heap before GC invocations=4 (full 0):
 PSYoungGen      total 18944K, used 18927K [0x00000000eb380000, 0x00000000ec880000, 0x0000000100000000)
  eden space 16384K, 100% used [0x00000000eb380000,0x00000000ec380000,0x00000000ec380000)
  from space 2560K, 99% used [0x00000000ec380000,0x00000000ec5fbf70,0x00000000ec600000)
  to   space 2560K, 0% used [0x00000000ec600000,0x00000000ec600000,0x00000000ec880000)
 ParOldGen       total 44032K, used 3396K [0x00000000c1a00000, 0x00000000c4500000, 0x00000000eb380000)
  object space 44032K, 7% used [0x00000000c1a00000,0x00000000c1d513a8,0x00000000c4500000)
 Metaspace       used 10059K, capacity 10339K, committed 10496K, reserved 1058816K
  class space    used 874K, capacity 972K, committed 1024K, reserved 1048576K
Event: 4.429 GC heap after
Heap after GC invocations=4 (full 0):
 PSYoungGen      total 18944K, used 2543K [0x00000000eb380000, 0x00000000ed880000, 0x0000000100000000)
  eden space 16384K, 0% used [0x00000000eb380000,0x00000000eb380000,0x00000000ec380000)
  from space 2560K, 99% used [0x00000000ec600000,0x00000000ec87bf70,0x00000000ec880000)
  to   space 2560K, 0% used [0x00000000ec380000,0x00000000ec380000,0x00000000ec600000)
 ParOldGen       total 44032K, used 3620K [0x00000000c1a00000, 0x00000000c4500000, 0x00000000eb380000)
  object space 44032K, 8% used [0x00000000c1a00000,0x00000000c1d893a8,0x00000000c4500000)
 Metaspace       used 10059K, capacity 10339K, committed 10496K, reserved 1058816K
  class space    used 874K, capacity 972K, committed 1024K, reserved 1048576K
}
Event: 4.631 GC heap before
{Heap before GC invocations=5 (full 0):
 PSYoungGen      total 18944K, used 18927K [0x00000000eb380000, 0x00000000ed880000, 0x0000000100000000)
  eden space 16384K, 100% used [0x00000000eb380000,0x00000000ec380000,0x00000000ec380000)
  from space 2560K, 99% used [0x00000000ec600000,0x00000000ec87bf70,0x00000000ec880000)
  to   space 2560K, 0% used [0x00000000ec380000,0x00000000ec380000,0x00000000ec600000)
 ParOldGen       total 44032K, used 3620K [0x00000000c1a00000, 0x00000000c4500000, 0x00000000eb380000)
  object space 44032K, 8% used [0x00000000c1a00000,0x00000000c1d893a8,0x00000000c4500000)
 Metaspace       used 10059K, capacity 10339K, committed 10496K, reserved 1058816K
  class space    used 874K, capacity 972K, committed 1024K, reserved 1048576K
Event: 4.638 GC heap after
Heap after GC invocations=5 (full 0):
 PSYoungGen      total 18944K, used 2542K [0x00000000eb380000, 0x00000000edc80000, 0x0000000100000000)
  eden space 16384K, 0% used [0x00000000eb380000,0x00000000eb380000,0x00000000ec380000)
  from space 2560K, 99% used [0x00000000ec380000,0x00000000ec5fb890,0x00000000ec600000)
  to   space 4608K, 0% used [0x00000000ed800000,0x00000000ed800000,0x00000000edc80000)
 ParOldGen       total 44032K, used 3636K [0x00000000c1a00000, 0x00000000c4500000, 0x00000000eb380000)
  object space 44032K, 8% used [0x00000000c1a00000,0x00000000c1d8d3a8,0x00000000c4500000)
 Metaspace       used 10059K, capacity 10339K, committed 10496K, reserved 1058816K
  class space    used 874K, capacity 972K, committed 1024K, reserved 1048576K
}
Event: 4.769 GC heap before
{Heap before GC invocations=6 (full 0):
 PSYoungGen      total 18944K, used 18926K [0x00000000eb380000, 0x00000000edc80000, 0x0000000100000000)
  eden space 16384K, 100% used [0x00000000eb380000,0x00000000ec380000,0x00000000ec380000)
  from space 2560K, 99% used [0x00000000ec380000,0x00000000ec5fb890,0x00000000ec600000)
  to   space 4608K, 0% used [0x00000000ed800000,0x00000000ed800000,0x00000000edc80000)
 ParOldGen       total 44032K, used 3636K [0x00000000c1a00000, 0x00000000c4500000, 0x00000000eb380000)
  object space 44032K, 8% used [0x00000000c1a00000,0x00000000c1d8d3a8,0x00000000c4500000)
 Metaspace       used 10059K, capacity 10339K, committed 10496K, reserved 1058816K
  class space    used 874K, capacity 972K, committed 1024K, reserved 1048576K
Event: 4.773 GC heap after
Heap after GC invocations=6 (full 0):
 PSYoungGen      total 37376K, used 2543K [0x00000000eb380000, 0x00000000edc80000, 0x0000000100000000)
  eden space 32768K, 0% used [0x00000000eb380000,0x00000000eb380000,0x00000000ed380000)
  from space 4608K, 55% used [0x00000000ed800000,0x00000000eda7bf90,0x00000000edc80000)
  to   space 4608K, 0% used [0x00000000ed380000,0x00000000ed380000,0x00000000ed800000)
 ParOldGen       total 44032K, used 3644K [0x00000000c1a00000, 0x00000000c4500000, 0x00000000eb380000)
  object space 44032K, 8% used [0x00000000c1a00000,0x00000000c1d8f3a8,0x00000000c4500000)
 Metaspace       used 10059K, capacity 10339K, committed 10496K, reserved 1058816K
  class space    used 874K, capacity 972K, committed 1024K, reserved 1048576K
}
Event: 5.025 GC heap before
{Heap before GC invocations=7 (full 0):
 PSYoungGen      total 37376K, used 35311K [0x00000000eb380000, 0x00000000edc80000, 0x0000000100000000)
  eden space 32768K, 100% used [0x00000000eb380000,0x00000000ed380000,0x00000000ed380000)
  from space 4608K, 55% used [0x00000000ed800000,0x00000000eda7bf90,0x00000000edc80000)
  to   space 4608K, 0% used [0x00000000ed380000,0x00000000ed380000,0x00000000ed800000)
 ParOldGen       total 44032K, used 3644K [0x00000000c1a00000, 0x00000000c4500000, 0x00000000eb380000)
  object space 44032K, 8% used [0x00000000c1a00000,0x00000000c1d8f3a8,0x00000000c4500000)
 Metaspace       used 10059K, capacity 10339K, committed 10496K, reserved 1058816K
  class space    used 874K, capacity 972K, committed 1024K, reserved 1048576K
Event: 5.029 GC heap after
Heap after GC invocations=7 (full 0):
 PSYoungGen      total 37376K, used 1280K [0x00000000eb380000, 0x00000000efd80000, 0x0000000100000000)
  eden space 32768K, 0% used [0x00000000eb380000,0x00000000eb380000,0x00000000ed380000)
  from space 4608K, 27% used [0x00000000ed380000,0x00000000ed4c0000,0x00000000ed800000)
  to   space 5120K, 0% used [0x00000000ef880000,0x00000000ef880000,0x00000000efd80000)
 ParOldGen       total 44032K, used 4929K [0x00000000c1a00000, 0x00000000c4500000, 0x00000000eb380000)
  object space 44032K, 11% used [0x00000000c1a00000,0x00000000c1ed05c8,0x00000000c4500000)
 Metaspace       used 10059K, capacity 10339K, committed 10496K, reserved 1058816K
  class space    used 874K, capacity 972K, committed 1024K, reserved 1048576K
}

